<?xml version="1.0" encoding="UTF-8"?>
<!-- Generated by org.testng.reporters.JUnitXMLReporter -->
<testsuite ignored="0" hostname="TYSS-Syed" failures="0" tests="4" name="Test" time="0.118" errors="0" timestamp="2022-12-28T11:49:24 IST">
  <testcase classname="tesng.Testcase1" name="tc1" time="0.029"/>
  <testcase classname="tesng.Testcase2" name="tc2" time="0.002"/>
  <testcase classname="tesng.Testcase3" name="tc3" time="0.001"/>
  <testcase classname="tesng.Testcase4" name="tc4" time="0.002"/>
</testsuite> <!-- Test -->
